<?xml version="1.0" encoding="UTF-8"?>
<!-- Generated by org.testng.reporters.JUnitReportReporter -->
<testsuite hostname="Elviras-MacBook-Pro.local" failures="0" tests="1" name="com.hrms.testcases.AddEmployeeTest" time="13.725" errors="0" timestamp="2020-06-01T11:57:16 EDT" skipped="0">
  <testcase classname="com.hrms.testcases.AddEmployeeTest" name="addEmployeePage" time="13.725"/>
  <system-out/>
</testsuite> <!-- com.hrms.testcases.AddEmployeeTest -->
