<?xml version="1.0" encoding="UTF-8"?>
<!-- Generated by org.testng.reporters.JUnitReportReporter -->
<testsuite hostname="Elviras-MacBook-Pro.local" failures="0" tests="2" name="com.hrms.testcases.LoginTest" time="5.726" errors="0" timestamp="2020-05-30T14:58:53 EDT" skipped="0">
  <testcase classname="com.hrms.testcases.LoginTest" name="emptyUsernameLogin" time="2.668"/>
  <system-out/>
  <testcase classname="com.hrms.testcases.LoginTest" name="invalidPasswordLogin" time="3.058"/>
  <system-out/>
</testsuite> <!-- com.hrms.testcases.LoginTest -->
