<?xml version="1.0" encoding="UTF-8"?>
<!-- Generated by org.testng.reporters.JUnitReportReporter -->
<testsuite hostname="Elviras-MacBook-Pro.local" failures="0" tests="1" name="com.hrms.testcases.LoginTest" time="8.801" errors="0" timestamp="2020-06-02T20:19:36 EDT" skipped="0">
  <testcase classname="com.hrms.testcases.LoginTest" name="validAdminLogin" time="8.801"/>
  <system-out/>
</testsuite> <!-- com.hrms.testcases.LoginTest -->
