<?xml version="1.0" encoding="UTF-8"?>
<!-- Generated by org.testng.reporters.JUnitReportReporter -->
<testsuite hostname="Elviras-MacBook-Pro.local" failures="0" tests="3" name="com.hrms.testcases.LoginTest" time="10.775" errors="0" timestamp="2020-05-30T15:09:52 EDT" skipped="0">
  <testcase classname="com.hrms.testcases.LoginTest" name="invalidPasswordLogin" time="3.184"/>
  <system-out/>
  <testcase classname="com.hrms.testcases.LoginTest" name="validAdminLogin" time="4.824"/>
  <system-out/>
  <testcase classname="com.hrms.testcases.LoginTest" name="emptyUsernameLogin" time="2.767"/>
  <system-out/>
</testsuite> <!-- com.hrms.testcases.LoginTest -->
