<?xml version="1.0" encoding="UTF-8"?>
<!-- Generated by org.testng.reporters.JUnitReportReporter -->
<testsuite hostname="Elviras-MacBook-Pro.local" failures="0" tests="1" name="com.hrms.testcases.AddEmployeeTest" time="29.162" errors="0" timestamp="2020-05-30T15:09:52 EDT" skipped="0">
  <testcase classname="com.hrms.testcases.AddEmployeeTest" name="addEmployeePage" time="29.162"/>
  <system-out/>
</testsuite> <!-- com.hrms.testcases.AddEmployeeTest -->
